<?xml version="1.0" encoding="UTF-8"?>
<testng-results skipped="0" failed="0" total="1" passed="1">
  <reporter-output>
  </reporter-output>
  <suite name="Default suite" duration-ms="18691" started-at="2015-03-20T05:55:33Z" finished-at="2015-03-20T05:55:51Z">
    <groups>
    </groups>
    <test name="Default test" duration-ms="18691" started-at="2015-03-20T05:55:33Z" finished-at="2015-03-20T05:55:51Z">
      <class name="Testcases.Loginapplication">
        <test-method status="PASS" signature="Login()[pri:0, instance:Testcases.Loginapplication@52fb241d]" name="Login" duration-ms="18645" started-at="2015-03-20T11:25:33Z" finished-at="2015-03-20T11:25:51Z">
          <reporter-output>
          </reporter-output>
        </test-method> <!-- Login -->
      </class> <!-- Testcases.Loginapplication -->
    </test> <!-- Default test -->
  </suite> <!-- Default suite -->
</testng-results>
